  glad.c
  main.cpp
d:\github\learnopengl\opengl\main.cpp : warning C4819: The file contains a character that cannot be represented in the current code page (936). Save the file in Unicode format to prevent data loss
d:\github\learnopengl\include\learnopengl\shader_m.h(44): warning C4101: 'e': unreferenced local variable
d:\github\learnopengl\include\learnopengl\mesh.h(84): warning C4267: 'argument': conversion from 'size_t' to 'GLsizei', possible loss of data
d:\github\learnopengl\opengl\3.model_loading\model_loading.cpp.h(97): warning C4244: 'initializing': conversion from 'double' to 'float', possible loss of data
d:\github\learnopengl\opengl\3.model_loading\model_loading.cpp.h(171): warning C4244: '=': conversion from 'double' to 'float', possible loss of data
d:\github\learnopengl\opengl\3.model_loading\model_loading.cpp.h(172): warning C4244: '=': conversion from 'double' to 'float', possible loss of data
d:\github\learnopengl\opengl\3.model_loading\model_loading.cpp.h(176): warning C4244: 'initializing': conversion from 'double' to 'float', possible loss of data
d:\github\learnopengl\opengl\3.model_loading\model_loading.cpp.h(177): warning C4244: 'initializing': conversion from 'double' to 'float', possible loss of data
d:\github\learnopengl\opengl\3.model_loading\model_loading.cpp.h(179): warning C4244: '=': conversion from 'double' to 'float', possible loss of data
d:\github\learnopengl\opengl\3.model_loading\model_loading.cpp.h(180): warning C4244: '=': conversion from 'double' to 'float', possible loss of data
d:\github\learnopengl\opengl\3.model_loading\model_loading.cpp.h(189): warning C4244: 'argument': conversion from 'double' to 'float', possible loss of data
glfw3.lib(context.obj) : warning LNK4099: PDB 'glfw.pdb' was not found with 'glfw3.lib(context.obj)' or at 'D:\Github\LearnOpenGL\x64\Debug\glfw.pdb'; linking object as if no debug info
glfw3.lib(init.obj) : warning LNK4099: PDB 'glfw.pdb' was not found with 'glfw3.lib(init.obj)' or at 'D:\Github\LearnOpenGL\x64\Debug\glfw.pdb'; linking object as if no debug info
glfw3.lib(input.obj) : warning LNK4099: PDB 'glfw.pdb' was not found with 'glfw3.lib(input.obj)' or at 'D:\Github\LearnOpenGL\x64\Debug\glfw.pdb'; linking object as if no debug info
glfw3.lib(monitor.obj) : warning LNK4099: PDB 'glfw.pdb' was not found with 'glfw3.lib(monitor.obj)' or at 'D:\Github\LearnOpenGL\x64\Debug\glfw.pdb'; linking object as if no debug info
glfw3.lib(vulkan.obj) : warning LNK4099: PDB 'glfw.pdb' was not found with 'glfw3.lib(vulkan.obj)' or at 'D:\Github\LearnOpenGL\x64\Debug\glfw.pdb'; linking object as if no debug info
glfw3.lib(window.obj) : warning LNK4099: PDB 'glfw.pdb' was not found with 'glfw3.lib(window.obj)' or at 'D:\Github\LearnOpenGL\x64\Debug\glfw.pdb'; linking object as if no debug info
glfw3.lib(win32_init.obj) : warning LNK4099: PDB 'glfw.pdb' was not found with 'glfw3.lib(win32_init.obj)' or at 'D:\Github\LearnOpenGL\x64\Debug\glfw.pdb'; linking object as if no debug info
glfw3.lib(win32_joystick.obj) : warning LNK4099: PDB 'glfw.pdb' was not found with 'glfw3.lib(win32_joystick.obj)' or at 'D:\Github\LearnOpenGL\x64\Debug\glfw.pdb'; linking object as if no debug info
glfw3.lib(win32_monitor.obj) : warning LNK4099: PDB 'glfw.pdb' was not found with 'glfw3.lib(win32_monitor.obj)' or at 'D:\Github\LearnOpenGL\x64\Debug\glfw.pdb'; linking object as if no debug info
glfw3.lib(win32_time.obj) : warning LNK4099: PDB 'glfw.pdb' was not found with 'glfw3.lib(win32_time.obj)' or at 'D:\Github\LearnOpenGL\x64\Debug\glfw.pdb'; linking object as if no debug info
glfw3.lib(win32_thread.obj) : warning LNK4099: PDB 'glfw.pdb' was not found with 'glfw3.lib(win32_thread.obj)' or at 'D:\Github\LearnOpenGL\x64\Debug\glfw.pdb'; linking object as if no debug info
glfw3.lib(win32_window.obj) : warning LNK4099: PDB 'glfw.pdb' was not found with 'glfw3.lib(win32_window.obj)' or at 'D:\Github\LearnOpenGL\x64\Debug\glfw.pdb'; linking object as if no debug info
glfw3.lib(wgl_context.obj) : warning LNK4099: PDB 'glfw.pdb' was not found with 'glfw3.lib(wgl_context.obj)' or at 'D:\Github\LearnOpenGL\x64\Debug\glfw.pdb'; linking object as if no debug info
glfw3.lib(egl_context.obj) : warning LNK4099: PDB 'glfw.pdb' was not found with 'glfw3.lib(egl_context.obj)' or at 'D:\Github\LearnOpenGL\x64\Debug\glfw.pdb'; linking object as if no debug info
glfw3.lib(osmesa_context.obj) : warning LNK4099: PDB 'glfw.pdb' was not found with 'glfw3.lib(osmesa_context.obj)' or at 'D:\Github\LearnOpenGL\x64\Debug\glfw.pdb'; linking object as if no debug info
  OpenGL.vcxproj -> D:\Github\LearnOpenGL\x64\Debug\OpenGL.exe
